Arguments: 
  C:\Program Files\nodejs\node.exe C:\Users\kathl\AppData\Roaming\npm\node_modules\yarn\bin\yarn.js add reactstrap reactpopper

PATH: 
  C:\Python39\Scripts\;C:\Python39\;C:\Program Files (x86)\Razer Chroma SDK\bin;C:\Program Files\Razer Chroma SDK\bin;C:\Program Files (x86)\Razer\ChromaBroadcast\bin;C:\Program Files\Razer\ChromaBroadcast\bin;C:\Program Files (x86)\Common Files\Intel\Shared Libraries\redist\intel64_win\compiler;C:\Program Files (x86)\Intel\Intel(R) Management Engine Components\iCLS\;C:\Program Files\Intel\Intel(R) Management Engine Components\iCLS\;C:\WINDOWS\system32;C:\WINDOWS;C:\WINDOWS\System32\Wbem;C:\WINDOWS\System32\WindowsPowerShell\v1.0\;C:\WINDOWS\System32\OpenSSH\;C:\Program Files (x86)\Intel\Intel(R) Management Engine Components\DAL;C:\Program Files\Intel\Intel(R) Management Engine Components\DAL;C:\Program Files\Intel\WiFi\bin\;C:\Program Files\Common Files\Intel\WirelessCommon\;C:\Program Files (x86)\PharosSystems\Core;C:\Users\kathl\AppData\Local\Programs\Python\Python36\Scripts;C:\Program Files;C:\Program Files\Git\cmd;C:\Users\kathl\omnetpp-5.5.1-src-windows\omnetpp-5.5.1\tools\win64\mingw64;C:\Users\kathl\omnetpp-5.5.1-src-windows\omnetpp-5.5.1\bin;C:\Users\kathl\omnetpp-5.5.1-src-windows\omnetpp-5.5.1;C:\WINDOWS\system32\config\systemprofile\AppData\Local\Microsoft\WindowsApps;C:\Program Files\nodejs\;C:\ProgramData\chocolatey\bin;C:\Users\kathl\AppData\Local\Programs\Python\Python36\Scripts\;C:\Users\kathl\AppData\Local\Programs\Python\Python36\;C:\Users\kathl\AppData\Local\Microsoft\WindowsApps;C:\Program Files (x86)\Nmap;C:\Users\kathl\omnetpp-5.5.1-src-windows\omnetpp-5.5.1\tools\win64\mingw64;C:\Users\kathl\omnetpp-5.5.1-src-windows\omnetpp-5.5.1\bin;C:\Users\kathl\omnetpp-5.5.1-src-windows\omnetpp-5.5.1\;C:\Users\kathl\AppData\Roaming\npm;C:\Users\kathl\AppData\Local\Programs\Microsoft VS Code\bin

Yarn version: 
  1.22.10

Node version: 
  14.16.1

Platform: 
  win32 x64

Trace: 
  Error: https://registry.yarnpkg.com/reactpopper: Not found
      at Request.params.callback [as _callback] (C:\Users\kathl\AppData\Roaming\npm\node_modules\yarn\lib\cli.js:66988:18)
      at Request.self.callback (C:\Users\kathl\AppData\Roaming\npm\node_modules\yarn\lib\cli.js:140662:22)
      at Request.emit (events.js:315:20)
      at Request.<anonymous> (C:\Users\kathl\AppData\Roaming\npm\node_modules\yarn\lib\cli.js:141634:10)
      at Request.emit (events.js:315:20)
      at IncomingMessage.<anonymous> (C:\Users\kathl\AppData\Roaming\npm\node_modules\yarn\lib\cli.js:141556:12)
      at Object.onceWrapper (events.js:421:28)
      at IncomingMessage.emit (events.js:327:22)
      at endReadableNT (internal/streams/readable.js:1327:12)
      at processTicksAndRejections (internal/process/task_queues.js:80:21)

npm manifest: 
  {
    "dependencies": {
      "bootstrap": "^4.6.0"
    }
  }

yarn manifest: 
  No manifest

Lockfile: 
  # THIS IS AN AUTOGENERATED FILE. DO NOT EDIT THIS FILE DIRECTLY.
  # yarn lockfile v1
  
  
  bootstrap@^4.6.0:
    version "4.6.0"
    resolved "https://registry.yarnpkg.com/bootstrap/-/bootstrap-4.6.0.tgz#97b9f29ac98f98dfa43bf7468262d84392552fd7"
    integrity sha512-Io55IuQY3kydzHtbGvQya3H+KorS/M9rSNyfCGCg9WZ4pyT/lCxIlpJgG1GXW/PswzC84Tr2fBYi+7+jFVQQBw==
